<?xml version="1.0" encoding="UTF-8"?>
<!-- Generated by org.testng.reporters.JUnitReportReporter -->
<testsuite hostname="lenovo-PC" name="com.stu.likuo.add" tests="1" failures="0" timestamp="1 Dec 2016 01:41:05 GMT" time="35.987" errors="0">
  <testcase name="test2" time="35.987" classname="com.stu.likuo.add"/>
</testsuite> <!-- com.stu.likuo.add -->
