<?xml version="1.0" encoding="UTF-8"?>
<!-- Generated by org.testng.reporters.JUnitReportReporter -->
<testsuite hostname="lenovo-PC" name="com.stu.likuo.add1" tests="2" failures="0" timestamp="1 Dec 2016 01:26:32 GMT" time="60.886" errors="0">
  <testcase name="test2" time="30.384" classname="com.stu.likuo.add1"/>
  <testcase name="test2" time="30.502" classname="com.stu.likuo.add1"/>
</testsuite> <!-- com.stu.likuo.add1 -->
