<?xml version="1.0" encoding="UTF-8"?>
<!-- Generated by org.testng.reporters.JUnitReportReporter -->
<testsuite hostname="lenovo-PC" name="com.stu.likuo.shopping" tests="2" failures="0" timestamp="20 Dec 2016 07:12:18 GMT" time="92.162" errors="0">
  <testcase name="foodComment" time="56.597" classname="com.stu.likuo.shopping"/>
  <testcase name="foodComment" time="35.565" classname="com.stu.likuo.shopping"/>
</testsuite> <!-- com.stu.likuo.shopping -->
