<?xml version="1.0" encoding="UTF-8"?>
<!-- Generated by org.testng.reporters.JUnitReportReporter -->
<testsuite hostname="lenovo-PC" name="com.stu.likuo.change" tests="3" failures="0" timestamp="1 Dec 2016 01:15:52 GMT" time="90.332" errors="0">
  <testcase name="test2" time="25.134" classname="com.stu.likuo.change"/>
  <testcase name="test2" time="27.717" classname="com.stu.likuo.change"/>
  <testcase name="test2" time="37.481" classname="com.stu.likuo.change"/>
</testsuite> <!-- com.stu.likuo.change -->
