<?xml version="1.0" encoding="UTF-8"?>
<!-- Generated by org.testng.reporters.JUnitReportReporter -->
<testsuite hostname="lenovo-PC" name="com.stu.likuo.login" tests="1" failures="0" timestamp="15 Nov 2016 11:54:17 GMT" time="31.121" errors="0">
  <testcase name="testCereate" time="31.121" classname="com.stu.likuo.login"/>
</testsuite> <!-- com.stu.likuo.login -->
