<?xml version="1.0" encoding="UTF-8"?>
<!-- Generated by org.testng.reporters.JUnitReportReporter -->
<testsuite hostname="lenovo-PC" name="com.stu.likuo.register" tests="4" failures="0" timestamp="14 Nov 2016 12:11:09 GMT" time="73.972" errors="0">
  <testcase name="test" time="16.492" classname="com.stu.likuo.register"/>
  <testcase name="test" time="16.158" classname="com.stu.likuo.register"/>
  <testcase name="test" time="21.716" classname="com.stu.likuo.register"/>
  <testcase name="test" time="19.606" classname="com.stu.likuo.register"/>
</testsuite> <!-- com.stu.likuo.register -->
