<?xml version="1.0" encoding="UTF-8"?>
<!-- Generated by org.testng.reporters.JUnitReportReporter -->
<testsuite hostname="lenovo-PC" name="com.stu.likuo.Login1" tests="1" failures="0" timestamp="23 Nov 2016 01:44:16 GMT" time="16.303" errors="0">
  <testcase name="test" time="16.303" classname="com.stu.likuo.Login1"/>
</testsuite> <!-- com.stu.likuo.Login1 -->
